<?xml version="1.0" encoding="utf-8"?><testsuites name="pytest tests"><testsuite name="pytest" errors="0" failures="0" skipped="0" tests="28" time="1.072" timestamp="2026-07-14T18:06:33.670259-04:00" hostname="ZENI"><testcase classname="test_cli" name="test_diff_cli_succeeds_with_default_id_col" time="0.032" /><testcase classname="test_cli" name="test_diff_cli_id_col_substring" time="0.016" /><testcase classname="test_cli" name="test_diff_cli_succeeds_with_non_default_id_col" time="0.014" /><testcase classname="test_cli" name="test_diff_cli_bitdiff_respects_id_col" time="0.013" /><testcase classname="test_cli" name="test_diff_cli_bitdiff_summary_respects_id_col" time="0.015" /><testcase classname="test_demo" name="test_get_df_pair_returns_original_and_mutated" time="0.002" /><testcase classname="test_demo" name="test_get_df_pair_shapes" time="0.001" /><testcase classname="test_demo" name="test_get_df_pair_reproducible_with_same_seed" time="0.004" /><testcase classname="test_demo" name="test_get_df_pair_different_seeds_differ" time="0.002" /><testcase classname="test_diff" name="test_brian_kernighan_counts_set_bits" time="0.000" /><testcase classname="test_diff" name="test_bitwise_not_flips_bits_within_minimal_width" time="0.000" /><testcase classname="test_diff" name="test_count_unpadded_zero_bits_counts_zero_bits" time="0.000" /><testcase classname="test_diff" name="test_count_unpadded_zero_bits_zero_input_returns_one" time="0.000" /><testcase classname="test_diff" name="test_count_zero_bits_given_bit_width" time="0.000" /><testcase classname="test_diff" name="test_get_row_list_returns_non_id_values_in_order" time="0.000" /><testcase classname="test_diff" name="test_get_row_list_raises_on_odd_number_of_columns" time="0.000" /><testcase classname="test_diff" name="test_get_row_list_raises_on_wrong_number_of_id_columns" time="0.000" /><testcase classname="test_diff" name="test_get_row_list_raises_on_mismatched_ids" time="0.000" /><testcase classname="test_diff" name="test_row2num_bits_counts_column_pairs" time="0.000" /><testcase classname="test_diff" name="test_compute_bitarray64_sets_bit_when_values_match" time="0.000" /><testcase classname="test_diff" name="test_count_bitarrays_counts_flipped_bits_at_position" time="0.000" /><testcase classname="test_diff" name="test_column_intercept_returns_shared_columns" time="0.002" /><testcase classname="test_diff" name="test_column_intercept_raises_without_id_col" time="0.001" /><testcase classname="test_diff" name="test_column_symmetric_diff_reports_exclusive_columns" time="0.000" /><testcase classname="test_diff" name="test_row_intercept_returns_shared_ids" time="0.000" /><testcase classname="test_diff" name="test_row_symmetric_diff_reports_exclusive_ids" time="0.000" /><testcase classname="test_diff" name="test_bitdiff_flags_modified_columns" time="0.003" /><testcase classname="test_diff" name="test_pruned_rows_reports_rows_unique_to_each_side" time="0.002" /></testsuite></testsuites>